#-----------------------------------------------------------
# PlanAhead v14.4 (64-bit)
# Build 222254 by xbuild on Tue Dec 18 05:21:09 MST 2012
# Start of session at: Sat Jun 06 16:39:47 2015
# Process ID: 7356
# Log file: D:/TFG/TFG/VHDL/Procesador/planAhead_run_3/planAhead.log
# Journal file: D:/TFG/TFG/VHDL/Procesador/planAhead_run_3/planAhead.jou
#-----------------------------------------------------------
INFO: [Common 17-78] Attempting to get a license: PlanAhead
INFO: [Common 17-290] Got license for PlanAhead
INFO: [Device 21-36] Loading parts and site information from C:/Xilinx/14.4/ISE_DS/PlanAhead/data/parts/arch.xml
Parsing RTL primitives file [C:/Xilinx/14.4/ISE_DS/PlanAhead/data/parts/xilinx/rtl/prims/rtl_prims.xml]
Finished parsing RTL primitives file [C:/Xilinx/14.4/ISE_DS/PlanAhead/data/parts/xilinx/rtl/prims/rtl_prims.xml]
start_gui
source D:/TFG/TFG/VHDL/Procesador/pa.fromNcd.tcl
# create_project -name Procesador -dir "D:/TFG/TFG/VHDL/Procesador/planAhead_run_3" -part xc7a100tcsg324-1
# set srcset [get_property srcset [current_run -impl]]
# set_property design_mode GateLvl $srcset
# set_property edif_top_file "D:/TFG/TFG/VHDL/Procesador/cpu.ngc" [ get_property srcset [ current_run ] ]
# add_files -norecurse { {D:/TFG/TFG/VHDL/Procesador} }
# set_property target_constrs_file "Nexys4_Master.ucf" [current_fileset -constrset]
Adding file 'D:/TFG/TFG/VHDL/Procesador/Nexys4_Master.ucf' to fileset 'constrs_1'
# add_files [list {Nexys4_Master.ucf}] -fileset [get_property constrset [current_run]]
# link_design
Design is defaulting to srcset: sources_1
Design is defaulting to constrset: constrs_1
Design is defaulting to project part: xc7a100tcsg324-1
Release 14.4 - ngc2edif P.49d (nt64)
Copyright (c) 1995-2012 Xilinx, Inc.  All rights reserved.
Reading design cpu.ngc ...
WARNING:NetListWriters:298 - No output is written to cpu.xncf, ignored.
Processing design ...
   Preping design's networks ...
   Preping design's macros ...
WARNING:NetListWriters:306 - Signal bus ID_out_entero<24 : 0> on block cpu is
   not reconstructed, because there are some missing bus signals.
WARNING:NetListWriters:306 - Signal bus ID_out_MEM_control_reg<5 : 0> on block
   cpu is not reconstructed, because there are some missing bus signals.
WARNING:NetListWriters:306 - Signal bus ID_out_entero_reg<24 : 0> on block cpu
   is not reconstructed, because there are some missing bus signals.
WARNING:NetListWriters:306 - Signal bus EXE_out_MEM_control_reg<5 : 0> on block
   cpu is not reconstructed, because there are some missing bus signals.
  finished :Prep
Writing EDIF netlist file cpu.edif ...
ngc2edif: Total memory usage is 84756 kilobytes

Parsing EDIF File [./planAhead_run_3/Procesador.data/cache/cpu_ngc_zx.edif]
Finished Parsing EDIF File [./planAhead_run_3/Procesador.data/cache/cpu_ngc_zx.edif]
INFO: [Netlist 29-17] Analyzing 415 Unisim elements for replacement
INFO: [Netlist 29-28] Unisim Transformation completed in 0 CPU seconds
WARNING: [Netlist 29-43] Netlist 'cpu' is not ideal for floorplanning, since the cellview 'cpu' defined in file 'cpu.ngc' contains large number of primitives.  Please consider enabling hierarchy in synthesis if you want to do floorplanning.
Loading clock regions from C:/Xilinx/14.4/ISE_DS/PlanAhead/data\parts/xilinx/artix7/artix7/xc7a100t/ClockRegion.xml
Loading clock buffers from C:/Xilinx/14.4/ISE_DS/PlanAhead/data\parts/xilinx/artix7/artix7/xc7a100t/ClockBuffers.xml
Loading clock placement rules from C:/Xilinx/14.4/ISE_DS/PlanAhead/data/parts/xilinx/artix7/ClockPlacerRules.xml
Loading package pin functions from C:/Xilinx/14.4/ISE_DS/PlanAhead/data\parts/xilinx/artix7/PinFunctions.xml...
Loading package from C:/Xilinx/14.4/ISE_DS/PlanAhead/data\parts/xilinx/artix7/artix7/xc7a100t/csg324/Package.xml
Loading io standards from C:/Xilinx/14.4/ISE_DS/PlanAhead/data\./parts/xilinx/artix7/IOStandards.xml
Loading device configuration modes from C:/Xilinx/14.4/ISE_DS/PlanAhead/data\parts/xilinx/artix7/ConfigModes.xml
Loading list of drcs for the architecture : C:/Xilinx/14.4/ISE_DS/PlanAhead/data\./parts/xilinx/artix7/drc.xml
WARNING: [Designutils 20-1037] Could not find -g options in the bsoptions.cfg file. Bitstream options will not be available. 
Parsing UCF File [D:/TFG/TFG/VHDL/Procesador/Nexys4_Master.ucf]
Finished Parsing UCF File [D:/TFG/TFG/VHDL/Procesador/Nexys4_Master.ucf]
INFO: [Project 1-111] Unisim Transformation Summary:
  A total of 415 instances were transformed.
  BUFGP => BUFGP (IBUF, BUFG): 1 instances
  FDC => FDCE: 414 instances

Phase 0 | Netlist Checksum: 14022e42
link_design: Time (s): elapsed = 00:00:24 . Memory (MB): peak = 761.375 ; gain = 338.496
# read_xdl -file "D:/TFG/TFG/VHDL/Procesador/cpu.ncd"
Release 14.4 - xdl P.49d (nt64)
Copyright (c) 1995-2012 Xilinx, Inc.  All rights reserved.

WARNING:XDL:213 - The resulting xdl output will not have LUT equation strings or RAM INIT strings.
Loading device for application Rf_Device from file '7a100t.nph' in environment C:\Xilinx\14.4\ISE_DS\ISE\.
   "cpu" is an NCD, version 3.2, device xc7a100t, package csg324, speed -1
Successfully converted design 'D:\TFG\TFG\VHDL\Procesador\cpu.ncd' to 'D:\TFG\TFG\VHDL\Procesador\cpu.xdl'.
INFO: [Designutils 20-669] Parsing Placement File : D:/TFG/TFG/VHDL/Procesador/cpu.ncd
INFO: [Designutils 20-658] Finished Parsing Placement File : D:/TFG/TFG/VHDL/Procesador/cpu.ncd
INFO: [Designutils 20-671] Placed 3514 instances
read_xdl: Time (s): elapsed = 00:00:21 . Memory (MB): peak = 789.340 ; gain = 27.508
# if {[catch {read_twx -name results_1 -file "D:/TFG/TFG/VHDL/Procesador/cpu.twx"} eInfo]} {
#    puts "WARNING: there was a problem importing \"D:/TFG/TFG/VHDL/Procesador/cpu.twx\": $eInfo"
# }
exit
ERROR: [PlanAhead 12-106] *** Exception: ui.h.b: Found deleted key in HTclEventBroker. Verify if the classes listed here call cleanup()
HTclEvent: DEBUG_CORE_CONFIG_CHANGE   Classes: ui.views.aR 
HTclEvent: DEBUG_PORT_CONFIG_CHANGE   Classes: ui.views.aR 
HTclEvent: SIGNAL_BUS_MODIFY   Classes: ui.views.aR 
HTclEvent: SIGNAL_MODIFY   Classes: ui.views.aR 
 (See D:/TFG/TFG/VHDL/Procesador\planAhead_pid7356.debug)
ERROR: [Common 17-39] 'stop_gui' failed due to earlier errors.
INFO: [Common 17-206] Exiting PlanAhead at Sat Jun 06 17:11:33 2015...
INFO: [Common 17-83] Releasing license: PlanAhead
