Release 14.4 - xst P.49d (nt64)
Copyright (c) 1995-2012 Xilinx, Inc.  All rights reserved.
--> Parameter TMPDIR set to xst/projnav.tmp


Total REAL time to Xst completion: 0.00 secs
Total CPU time to Xst completion: 0.17 secs
 
--> Parameter xsthdpdir set to xst


Total REAL time to Xst completion: 0.00 secs
Total CPU time to Xst completion: 0.17 secs
 
--> Reading design: Sistema_Tolerancia_PRE.prj

TABLE OF CONTENTS
  1) Synthesis Options Summary
  2) HDL Parsing
  3) HDL Elaboration
  4) HDL Synthesis
       4.1) HDL Synthesis Report
  5) Advanced HDL Synthesis
       5.1) Advanced HDL Synthesis Report
  6) Low Level Synthesis
  7) Partition Report
  8) Design Summary
       8.1) Primitive and Black Box Usage
       8.2) Device utilization summary
       8.3) Partition Resource Summary
       8.4) Timing Report
            8.4.1) Clock Information
            8.4.2) Asynchronous Control Signals Information
            8.4.3) Timing Summary
            8.4.4) Timing Details
            8.4.5) Cross Clock Domains Report


=========================================================================
*                      Synthesis Options Summary                        *
=========================================================================
---- Source Parameters
Input File Name                    : "Sistema_Tolerancia_PRE.prj"
Ignore Synthesis Constraint File   : NO

---- Target Parameters
Output File Name                   : "Sistema_Tolerancia_PRE"
Output Format                      : NGC
Target Device                      : xc7a100t-1-csg324

---- Source Options
Top Module Name                    : Sistema_Tolerancia_PRE
Automatic FSM Extraction           : YES
FSM Encoding Algorithm             : Auto
Safe Implementation                : No
FSM Style                          : LUT
RAM Extraction                     : Yes
RAM Style                          : Auto
ROM Extraction                     : Yes
Shift Register Extraction          : YES
ROM Style                          : Auto
Resource Sharing                   : YES
Asynchronous To Synchronous        : NO
Shift Register Minimum Size        : 2
Use DSP Block                      : Auto
Automatic Register Balancing       : No

---- Target Options
LUT Combining                      : Auto
Reduce Control Sets                : Auto
Add IO Buffers                     : YES
Global Maximum Fanout              : 100000
Add Generic Clock Buffer(BUFG)     : 32
Register Duplication               : YES
Optimize Instantiated Primitives   : NO
Use Clock Enable                   : Auto
Use Synchronous Set                : Auto
Use Synchronous Reset              : Auto
Pack IO Registers into IOBs        : Auto
Equivalent register Removal        : NO

---- General Options
Optimization Goal                  : Speed
Optimization Effort                : 1
Power Reduction                    : NO
Keep Hierarchy                     : No
Netlist Hierarchy                  : As_Optimized
RTL Output                         : Yes
Global Optimization                : AllClockNets
Read Cores                         : YES
Write Timing Constraints           : NO
Cross Clock Analysis               : NO
Hierarchy Separator                : /
Bus Delimiter                      : <>
Case Specifier                     : Maintain
Slice Utilization Ratio            : 100
BRAM Utilization Ratio             : 100
DSP48 Utilization Ratio            : 100
Auto BRAM Packing                  : NO
Slice Utilization Ratio Delta      : 5

=========================================================================


=========================================================================
*                          HDL Parsing                                  *
=========================================================================
Parsing VHDL file "D:\TFG\TFG\VHDL\Votador_forzar\VHDL\my_package.vhd" into library work
Parsing package <my_package>.
Parsing package body <my_package>.
Parsing VHDL file "D:\TFG\TFG\VHDL\Votador_forzar\VHDL\Sistema_Tolerancia_PRE.vhd" into library work
Parsing entity <Sistema_Tolerancia_PRE>.
Parsing architecture <Behavioral> of entity <sistema_tolerancia_pre>.

=========================================================================
*                            HDL Elaboration                            *
=========================================================================

Elaborating entity <Sistema_Tolerancia_PRE> (architecture <Behavioral>) with generics from library <work>.

=========================================================================
*                           HDL Synthesis                               *
=========================================================================

Synthesizing Unit <Sistema_Tolerancia_PRE>.
    Related source file is "D:\TFG\TFG\VHDL\Votador_forzar\VHDL\Sistema_Tolerancia_PRE.vhd".
        size_data = 32
        size_fallo = 3
        N = 3
WARNING:Xst:647 - Input <forzar_fallo<3>> is never used. This port will be preserved and left unconnected if it belongs to a top-level block or it belongs to a sub-block and the hierarchy of this sub-block is preserved.
WARNING:Xst:647 - Input <forzar_fallo<4>> is never used. This port will be preserved and left unconnected if it belongs to a top-level block or it belongs to a sub-block and the hierarchy of this sub-block is preserved.
    Found 32-bit register for signal <regs<1>>.
    Found 32-bit register for signal <regs<2>>.
    Found 32-bit register for signal <regs<0>>.
    Summary:
	inferred  96 D-type flip-flop(s).
	inferred  18 Multiplexer(s).
Unit <Sistema_Tolerancia_PRE> synthesized.

=========================================================================
HDL Synthesis Report

Macro Statistics
# Registers                                            : 3
 32-bit register                                       : 3
# Multiplexers                                         : 18
 32-bit 2-to-1 multiplexer                             : 18

=========================================================================

=========================================================================
*                       Advanced HDL Synthesis                          *
=========================================================================


=========================================================================
Advanced HDL Synthesis Report

Macro Statistics
# Registers                                            : 96
 Flip-Flops                                            : 96
# Multiplexers                                         : 18
 32-bit 2-to-1 multiplexer                             : 18

=========================================================================

=========================================================================
*                         Low Level Synthesis                           *
=========================================================================

Optimizing unit <Sistema_Tolerancia_PRE> ...

Mapping all equations...
Building and optimizing final netlist ...
Found area constraint ratio of 100 (+ 5) on block Sistema_Tolerancia_PRE, actual ratio is 0.

Final Macro Processing ...

=========================================================================
Final Register Report

Macro Statistics
# Registers                                            : 96
 Flip-Flops                                            : 96

=========================================================================

=========================================================================
*                           Partition Report                            *
=========================================================================

Partition Implementation Status
-------------------------------

  No Partitions were found in this design.

-------------------------------

=========================================================================
*                            Design Summary                             *
=========================================================================

Top Level Output File Name         : Sistema_Tolerancia_PRE.ngc

Primitive and Black Box Usage:
------------------------------
# BELS                             : 129
#      INV                         : 1
#      LUT3                        : 32
#      LUT4                        : 96
# FlipFlops/Latches                : 96
#      FDC                         : 96
# Clock Buffers                    : 1
#      BUFGP                       : 1
# IO Buffers                       : 74
#      IBUF                        : 42
#      OBUF                        : 32

Device utilization summary:
---------------------------

Selected Device : 7a100tcsg324-1 


Slice Logic Utilization: 
 Number of Slice Registers:              96  out of  126800     0%  
 Number of Slice LUTs:                  129  out of  63400     0%  
    Number used as Logic:               129  out of  63400     0%  

Slice Logic Distribution: 
 Number of LUT Flip Flop pairs used:    129
   Number with an unused Flip Flop:      33  out of    129    25%  
   Number with an unused LUT:             0  out of    129     0%  
   Number of fully used LUT-FF pairs:    96  out of    129    74%  
   Number of unique control sets:         1

IO Utilization: 
 Number of IOs:                          81
 Number of bonded IOBs:                  75  out of    210    35%  

Specific Feature Utilization:
 Number of BUFG/BUFGCTRLs:                1  out of     32     3%  

---------------------------
Partition Resource Summary:
---------------------------

  No Partitions were found in this design.

---------------------------


=========================================================================
Timing Report

NOTE: THESE TIMING NUMBERS ARE ONLY A SYNTHESIS ESTIMATE.
      FOR ACCURATE TIMING INFORMATION PLEASE REFER TO THE TRACE REPORT
      GENERATED AFTER PLACE-and-ROUTE.

Clock Information:
------------------
-----------------------------------+------------------------+-------+
Clock Signal                       | Clock buffer(FF name)  | Load  |
-----------------------------------+------------------------+-------+
clk                                | BUFGP                  | 96    |
-----------------------------------+------------------------+-------+

Asynchronous Control Signals Information:
----------------------------------------
No asynchronous control signals found in this design

Timing Summary:
---------------
Speed Grade: -1

   Minimum period: No path found
   Minimum input arrival time before clock: 1.606ns
   Maximum output required time after clock: 1.717ns
   Maximum combinational path delay: No path found

Timing Details:
---------------
All values displayed in nanoseconds (ns)

=========================================================================
Timing constraint: Default OFFSET IN BEFORE for Clock 'clk'
  Total number of paths / destination ports: 480 / 192
-------------------------------------------------------------------------
Offset:              1.606ns (Levels of Logic = 2)
  Source:            rst (PAD)
  Destination:       regs_2_0 (FF)
  Destination Clock: clk rising

  Data Path: rst to regs_2_0
                                Gate     Net
    Cell:in->out      fanout   Delay   Delay  Logical Name (Net Name)
    ----------------------------------------  ------------
     IBUF:I->O             1   0.001   0.399  rst_IBUF (rst_IBUF)
     INV:I->O             96   0.146   0.566  rst_inv1_INV_0 (rst_inv)
     FDC:CLR                   0.494          regs_2_0
    ----------------------------------------
    Total                      1.606ns (0.641ns logic, 0.965ns route)
                                       (39.9% logic, 60.1% route)

=========================================================================
Timing constraint: Default OFFSET OUT AFTER for Clock 'clk'
  Total number of paths / destination ports: 96 / 32
-------------------------------------------------------------------------
Offset:              1.717ns (Levels of Logic = 2)
  Source:            regs_1_31 (FF)
  Destination:       data_out<31> (PAD)
  Source Clock:      clk rising

  Data Path: regs_1_31 to data_out<31>
                                Gate     Net
    Cell:in->out      fanout   Delay   Delay  Logical Name (Net Name)
    ----------------------------------------  ------------
     FDC:C->Q              1   0.478   0.716  regs_1_31 (regs_1_31)
     LUT3:I0->O            1   0.124   0.399  data_out<31>1 (data_out_31_OBUF)
     OBUF:I->O                 0.000          data_out_31_OBUF (data_out<31>)
    ----------------------------------------
    Total                      1.717ns (0.602ns logic, 1.115ns route)
                                       (35.1% logic, 64.9% route)

=========================================================================

Cross Clock Domains Report:
--------------------------

=========================================================================


Total REAL time to Xst completion: 12.00 secs
Total CPU time to Xst completion: 11.65 secs
 
--> 

Total memory usage is 446368 kilobytes

Number of errors   :    0 (   0 filtered)
Number of warnings :    2 (   0 filtered)
Number of infos    :    0 (   0 filtered)

