Release 14.4 - xst P.49d (nt64)
Copyright (c) 1995-2012 Xilinx, Inc.  All rights reserved.
--> Parameter TMPDIR set to xst/projnav.tmp


Total REAL time to Xst completion: 0.00 secs
Total CPU time to Xst completion: 0.15 secs
 
--> Parameter xsthdpdir set to xst


Total REAL time to Xst completion: 0.00 secs
Total CPU time to Xst completion: 0.15 secs
 
--> Reading design: Sistema_Tolerancia_2.prj

TABLE OF CONTENTS
  1) Synthesis Options Summary
  2) HDL Parsing
  3) HDL Elaboration
  4) HDL Synthesis
       4.1) HDL Synthesis Report
  5) Advanced HDL Synthesis
       5.1) Advanced HDL Synthesis Report
  6) Low Level Synthesis
  7) Partition Report
  8) Design Summary
       8.1) Primitive and Black Box Usage
       8.2) Device utilization summary
       8.3) Partition Resource Summary
       8.4) Timing Report
            8.4.1) Clock Information
            8.4.2) Asynchronous Control Signals Information
            8.4.3) Timing Summary
            8.4.4) Timing Details
            8.4.5) Cross Clock Domains Report


=========================================================================
*                      Synthesis Options Summary                        *
=========================================================================
---- Source Parameters
Input File Name                    : "Sistema_Tolerancia_2.prj"
Ignore Synthesis Constraint File   : NO

---- Target Parameters
Output File Name                   : "Sistema_Tolerancia_2"
Output Format                      : NGC
Target Device                      : xc7a100t-1-csg324

---- Source Options
Top Module Name                    : Sistema_Tolerancia_2
Automatic FSM Extraction           : YES
FSM Encoding Algorithm             : Auto
Safe Implementation                : No
FSM Style                          : LUT
RAM Extraction                     : Yes
RAM Style                          : Auto
ROM Extraction                     : Yes
Shift Register Extraction          : YES
ROM Style                          : Auto
Resource Sharing                   : YES
Asynchronous To Synchronous        : NO
Shift Register Minimum Size        : 2
Use DSP Block                      : Auto
Automatic Register Balancing       : No

---- Target Options
LUT Combining                      : Auto
Reduce Control Sets                : Auto
Add IO Buffers                     : YES
Global Maximum Fanout              : 100000
Add Generic Clock Buffer(BUFG)     : 32
Register Duplication               : YES
Optimize Instantiated Primitives   : NO
Use Clock Enable                   : Auto
Use Synchronous Set                : Auto
Use Synchronous Reset              : Auto
Pack IO Registers into IOBs        : Auto
Equivalent register Removal        : NO

---- General Options
Optimization Goal                  : Speed
Optimization Effort                : 1
Power Reduction                    : NO
Keep Hierarchy                     : No
Netlist Hierarchy                  : As_Optimized
RTL Output                         : Yes
Global Optimization                : AllClockNets
Read Cores                         : YES
Write Timing Constraints           : NO
Cross Clock Analysis               : NO
Hierarchy Separator                : /
Bus Delimiter                      : <>
Case Specifier                     : Maintain
Slice Utilization Ratio            : 100
BRAM Utilization Ratio             : 100
DSP48 Utilization Ratio            : 100
Auto BRAM Packing                  : NO
Slice Utilization Ratio Delta      : 5

=========================================================================


=========================================================================
*                          HDL Parsing                                  *
=========================================================================
Parsing VHDL file "D:\TFG\TFG\VHDL\Votador_forzar\IDs_regs_fallos.vhd" into library work
Parsing package <IDs_regs_fallos>.
Parsing VHDL file "D:\TFG\TFG\VHDL\Votador_forzar\Sistema_Tolerancia_2.vhd" into library work
Parsing entity <Sistema_Tolerancia_2>.
Parsing architecture <Behavioral> of entity <sistema_tolerancia_2>.

=========================================================================
*                            HDL Elaboration                            *
=========================================================================

Elaborating entity <Sistema_Tolerancia_2> (architecture <Behavioral>) from library <work>.

=========================================================================
*                           HDL Synthesis                               *
=========================================================================

Synthesizing Unit <Sistema_Tolerancia_2>.
    Related source file is "D:\TFG\TFG\VHDL\Votador_forzar\Sistema_Tolerancia_2.vhd".
    Found 32-bit register for signal <regs<1>>.
    Found 32-bit register for signal <regs<2>>.
    Found 32-bit register for signal <regs<0>>.
    Found 2-bit comparator equal for signal <fallo_in_ID[1]_ID_const[1]_equal_9_o> created at line 57
    Summary:
	inferred  96 D-type flip-flop(s).
	inferred   1 Comparator(s).
	inferred   4 Multiplexer(s).
Unit <Sistema_Tolerancia_2> synthesized.

=========================================================================
HDL Synthesis Report

Macro Statistics
# Registers                                            : 3
 32-bit register                                       : 3
# Comparators                                          : 1
 2-bit comparator equal                                : 1
# Multiplexers                                         : 4
 32-bit 2-to-1 multiplexer                             : 4
# Xors                                                 : 1
 32-bit xor2                                           : 1

=========================================================================

=========================================================================
*                       Advanced HDL Synthesis                          *
=========================================================================


=========================================================================
Advanced HDL Synthesis Report

Macro Statistics
# Registers                                            : 96
 Flip-Flops                                            : 96
# Comparators                                          : 1
 2-bit comparator equal                                : 1
# Multiplexers                                         : 4
 32-bit 2-to-1 multiplexer                             : 4
# Xors                                                 : 1
 32-bit xor2                                           : 1

=========================================================================

=========================================================================
*                         Low Level Synthesis                           *
=========================================================================

Optimizing unit <Sistema_Tolerancia_2> ...

Mapping all equations...
Building and optimizing final netlist ...
Found area constraint ratio of 100 (+ 5) on block Sistema_Tolerancia_2, actual ratio is 0.

Final Macro Processing ...

=========================================================================
Final Register Report

Macro Statistics
# Registers                                            : 96
 Flip-Flops                                            : 96

=========================================================================

=========================================================================
*                           Partition Report                            *
=========================================================================

Partition Implementation Status
-------------------------------

  No Partitions were found in this design.

-------------------------------

=========================================================================
*                            Design Summary                             *
=========================================================================

Top Level Output File Name         : Sistema_Tolerancia_2.ngc

Primitive and Black Box Usage:
------------------------------
# BELS                             : 132
#      INV                         : 1
#      LUT3                        : 32
#      LUT5                        : 99
# FlipFlops/Latches                : 96
#      FDC                         : 96
# Clock Buffers                    : 1
#      BUFGP                       : 1
# IO Buffers                       : 137
#      IBUF                        : 105
#      OBUF                        : 32

Device utilization summary:
---------------------------

Selected Device : 7a100tcsg324-1 


Slice Logic Utilization: 
 Number of Slice Registers:              96  out of  126800     0%  
 Number of Slice LUTs:                  132  out of  63400     0%  
    Number used as Logic:               132  out of  63400     0%  

Slice Logic Distribution: 
 Number of LUT Flip Flop pairs used:    132
   Number with an unused Flip Flop:      36  out of    132    27%  
   Number with an unused LUT:             0  out of    132     0%  
   Number of fully used LUT-FF pairs:    96  out of    132    72%  
   Number of unique control sets:         1

IO Utilization: 
 Number of IOs:                         138
 Number of bonded IOBs:                 138  out of    210    65%  

Specific Feature Utilization:
 Number of BUFG/BUFGCTRLs:                1  out of     32     3%  

---------------------------
Partition Resource Summary:
---------------------------

  No Partitions were found in this design.

---------------------------


=========================================================================
Timing Report

NOTE: THESE TIMING NUMBERS ARE ONLY A SYNTHESIS ESTIMATE.
      FOR ACCURATE TIMING INFORMATION PLEASE REFER TO THE TRACE REPORT
      GENERATED AFTER PLACE-and-ROUTE.

Clock Information:
------------------
-----------------------------------+------------------------+-------+
Clock Signal                       | Clock buffer(FF name)  | Load  |
-----------------------------------+------------------------+-------+
clk                                | BUFGP                  | 96    |
-----------------------------------+------------------------+-------+

Asynchronous Control Signals Information:
----------------------------------------
No asynchronous control signals found in this design

Timing Summary:
---------------
Speed Grade: -1

   Minimum period: No path found
   Minimum input arrival time before clock: 2.127ns
   Maximum output required time after clock: 1.717ns
   Maximum combinational path delay: No path found

Timing Details:
---------------
All values displayed in nanoseconds (ns)

=========================================================================
Timing constraint: Default OFFSET IN BEFORE for Clock 'clk'
  Total number of paths / destination ports: 960 / 192
-------------------------------------------------------------------------
Offset:              2.127ns (Levels of Logic = 3)
  Source:            fallo_in_reg<1> (PAD)
  Destination:       regs_1_0 (FF)
  Destination Clock: clk rising

  Data Path: fallo_in_reg<1> to regs_1_0
                                Gate     Net
    Cell:in->out      fanout   Delay   Delay  Logical Name (Net Name)
    ----------------------------------------  ------------
     IBUF:I->O             1   0.001   0.919  fallo_in_reg_1_IBUF (fallo_in_reg_1_IBUF)
     LUT5:I0->O           32   0.124   0.929  fallo_in_ID[1]_fallo_in_reg[1]_AND_35_o1 (fallo_in_ID[1]_fallo_in_reg[1]_AND_35_o)
     LUT5:I1->O            1   0.124   0.000  Mmux_dato_in[31]_fallo_in_bool[31]_mux_15_OUT131 (dato_in[31]_fallo_in_bool[31]_mux_15_OUT<20>)
     FDC:D                     0.030          regs_1_20
    ----------------------------------------
    Total                      2.127ns (0.279ns logic, 1.848ns route)
                                       (13.1% logic, 86.9% route)

=========================================================================
Timing constraint: Default OFFSET OUT AFTER for Clock 'clk'
  Total number of paths / destination ports: 96 / 32
-------------------------------------------------------------------------
Offset:              1.717ns (Levels of Logic = 2)
  Source:            regs_1_31 (FF)
  Destination:       dato_out<31> (PAD)
  Source Clock:      clk rising

  Data Path: regs_1_31 to dato_out<31>
                                Gate     Net
    Cell:in->out      fanout   Delay   Delay  Logical Name (Net Name)
    ----------------------------------------  ------------
     FDC:C->Q              1   0.478   0.716  regs_1_31 (regs_1_31)
     LUT3:I0->O            1   0.124   0.399  dato_out<31>1 (dato_out_31_OBUF)
     OBUF:I->O                 0.000          dato_out_31_OBUF (dato_out<31>)
    ----------------------------------------
    Total                      1.717ns (0.602ns logic, 1.115ns route)
                                       (35.1% logic, 64.9% route)

=========================================================================

Cross Clock Domains Report:
--------------------------

=========================================================================


Total REAL time to Xst completion: 11.00 secs
Total CPU time to Xst completion: 11.17 secs
 
--> 

Total memory usage is 429408 kilobytes

Number of errors   :    0 (   0 filtered)
Number of warnings :    0 (   0 filtered)
Number of infos    :    0 (   0 filtered)

