ISim log file
Running: C:\TFG\TFG\VHDL\Evita_conflictos\TB_modulo_isim_beh.exe -intstyle ise -gui -tclbatch isim.cmd -wdb C:/TFG/TFG/VHDL/Evita_conflictos/TB_modulo_isim_beh.wdb 
ISim P.58f (signature 0x7708f090)
This is a Full version of ISim.
Time resolution is 1 ps
# onerror resume
# wave add /
# run 1000 ns
Simulator is doing circuit initialization process.
Finished circuit initialization process.
at 205 ns(1), Instance /tb_modulo/uut/ : Warning: NUMERIC_STD.">": metavalue detected, returning FALSE
at 260 ns: Error: Error en out_paradas, ciclo 5
at 270 ns: Error: Error en out_paradas, ciclo 6
ISim P.58f (signature 0x7708f090)
This is a Full version of ISim.
# run 1000 ns
Simulator is doing circuit initialization process.
Finished circuit initialization process.
at 205 ns(1), Instance /tb_modulo/uut/ : Warning: NUMERIC_STD.">": metavalue detected, returning FALSE
at 260 ns: Error: Error en out_paradas, ciclo 5
ISim P.58f (signature 0x7708f090)
This is a Full version of ISim.
# run 1000 ns
Simulator is doing circuit initialization process.
Finished circuit initialization process.
at 205 ns(1), Instance /tb_modulo/uut/ : Warning: NUMERIC_STD.">": metavalue detected, returning FALSE
ISim P.58f (signature 0x7708f090)
This is a Full version of ISim.
# run 1000 ns
Simulator is doing circuit initialization process.
Finished circuit initialization process.
at 205 ns(1), Instance /tb_modulo/uut/ : Warning: NUMERIC_STD.">": metavalue detected, returning FALSE
