\BOOKMARK [0][-]{titulo.0}{P\341gina de T\355tulo}{}% 1
\BOOKMARK [0][-]{dedicatoria.0}{Dedicatoria}{}% 2
\BOOKMARK [0][-]{chapter*.1}{Agradecimientos}{}% 3
\BOOKMARK [0][-]{chapter*.2}{Resumen}{}% 4
\BOOKMARK [0][-]{chapter.1}{Introducci\363n}{}% 5
\BOOKMARK [1][-]{section.1.1}{Introducci\363n}{chapter.1}% 6
\BOOKMARK [1][-]{section.1.2}{Motivaci\363n}{chapter.1}% 7
\BOOKMARK [1][-]{section.1.3}{Planteamiento del problema}{chapter.1}% 8
\BOOKMARK [1][-]{section.1.4}{Objetivos}{chapter.1}% 9
\BOOKMARK [1][-]{section.1.5}{Estructura del documento}{chapter.1}% 10
\BOOKMARK [0][-]{chapter.2}{Estado del arte}{}% 11
\BOOKMARK [1][-]{section.2.1}{Procesador}{chapter.2}% 12
\BOOKMARK [2][-]{subsection.2.1.1}{Arquitectura}{section.2.1}% 13
\BOOKMARK [2][-]{subsection.2.1.2}{Repertorio de instrucciones}{section.2.1}% 14
\BOOKMARK [2][-]{subsection.2.1.3}{Memoria}{section.2.1}% 15
\BOOKMARK [2][-]{subsection.2.1.4}{Segmentaci\363n}{section.2.1}% 16
\BOOKMARK [2][-]{subsection.2.1.5}{DLX}{section.2.1}% 17
\BOOKMARK [2][-]{subsection.2.1.6}{ARM}{section.2.1}% 18
\BOOKMARK [1][-]{section.2.2}{Field-Programmable Gate Arrays}{chapter.2}% 19
\BOOKMARK [1][-]{section.2.3}{Fallos}{chapter.2}% 20
\BOOKMARK [2][-]{subsection.2.3.1}{Causas}{section.2.3}% 21
\BOOKMARK [2][-]{subsection.2.3.2}{Tipos de fallos}{section.2.3}% 22
\BOOKMARK [1][-]{section.2.4}{Tolerancia a Fallos}{chapter.2}% 23
\BOOKMARK [2][-]{subsection.2.4.1}{Redundancia en la informaci\363n}{section.2.4}% 24
\BOOKMARK [2][-]{subsection.2.4.2}{Redundancia en el tiempo}{section.2.4}% 25
\BOOKMARK [2][-]{subsection.2.4.3}{Redundancia en el hardware}{section.2.4}% 26
\BOOKMARK [2][-]{subsection.2.4.4}{Tolerancia en microprocesadores}{section.2.4}% 27
\BOOKMARK [0][-]{chapter.3}{Procesador}{}% 28
\BOOKMARK [1][-]{section.3.1}{Esctructura}{chapter.3}% 29
\BOOKMARK [1][-]{section.3.2}{Tipos de datos}{chapter.3}% 30
\BOOKMARK [1][-]{section.3.3}{Instrucciones}{chapter.3}% 31
\BOOKMARK [2][-]{subsection.3.3.1}{Accesos a memoria}{section.3.3}% 32
\BOOKMARK [2][-]{subsection.3.3.2}{Procesamiento de datos}{section.3.3}% 33
\BOOKMARK [2][-]{subsection.3.3.3}{Operaciones de control}{section.3.3}% 34
\BOOKMARK [1][-]{section.3.4}{Arquitectura}{chapter.3}% 35
\BOOKMARK [2][-]{subsection.3.4.1}{Ruta de datos}{section.3.4}% 36
\BOOKMARK [2][-]{subsection.3.4.2}{Ruta de control}{section.3.4}% 37
\BOOKMARK [1][-]{section.3.5}{Formato de instrucciones}{chapter.3}% 38
\BOOKMARK [2][-]{subsection.3.5.1}{Transferencia}{section.3.5}% 39
\BOOKMARK [0][-]{appendix.Alph1}{As\355 se hizo...}{}% 40
\BOOKMARK [1][-]{section.Alph1.1}{Introducci\363n}{appendix.Alph1}% 41
\BOOKMARK [0][-]{fin.0}{Fin}{}% 42
